Arguments: 
  C:\Program Files\nodejs\node.exe C:\Program Files (x86)\Yarn\bin\yarn.js add react-native-textinput-effects

PATH: 
  C:\Python38\Scripts\;C:\Python38\;C:\Program Files (x86)\Common Files\Oracle\Java\javapath;C:\Windows\system32;C:\Windows;C:\Windows\System32\Wbem;C:\Windows\System32\WindowsPowerShell\v1.0\;C:\Windows\System32\OpenSSH\;C:\wamp\bin\php\php7.3.21;C:\Program Files\Git\cmd;C:\Program Files\TortoiseGit\bin;C:\ProgramData\chocolatey\bin;C:\Program Files (x86)\PuTTY\;C:\Program Files\nodejs\;C:\composer;C:\Program Files (x86)\Yarn\bin\;C:\Users\Harouna TARAM\AppData\Local\Microsoft\WindowsApps;C:\Users\Harouna TARAM\AppData\Roaming\Composer\vendor\bin;C:\Users\Harouna TARAM\AppData\Local\atom\bin;C:\Users\Harouna TARAM\AppData\Roaming\npm;C:\Users\Harouna TARAM\AppData\Local\Programs\Microsoft VS Code\bin;C:\xampp\mysql\bin;C:\Program Files\heroku\bin;C:\Users\Harouna TARAM\AppData\Local\Yarn\bin

Yarn version: 
  1.22.5

Node version: 
  12.18.2

Platform: 
  win32 x64

Trace: 
  Error: EPERM: operation not permitted, unlink 'C:\Users\Harouna TARAM\Desktop\AfricaSys\React Native\Movies\node_modules\@babel\helper-builder-react-jsx\lib'

npm manifest: 
  {
    "main": "node_modules/expo/AppEntry.js",
    "scripts": {
      "start": "expo start",
      "android": "expo start --android",
      "ios": "expo start --ios",
      "web": "expo start --web",
      "eject": "expo eject"
    },
    "dependencies": {
      "expo": "~40.0.0",
      "expo-status-bar": "~1.0.3",
      "react": "16.13.1",
      "react-dom": "16.13.1",
      "react-native": "https://github.com/expo/react-native/archive/sdk-40.0.1.tar.gz",
      "react-native-web": "~0.13.12"
    },
    "devDependencies": {
      "@babel/core": "~7.9.0"
    },
    "private": true
  }

yarn manifest: 
  No manifest

Lockfile: 
  No lockfile
